\BOOKMARK [0][-]{Doc-Start}{\376\377\000H\000A\000L\000A\000M\000A\000N\000\040\000H\000A\000K\000\040\000C\000I\000P\000T\000A}{}% 1
\BOOKMARK [0][-]{Doc-Start}{\376\377\000H\000A\000L\000A\000M\000A\000N\000\040\000P\000E\000N\000G\000E\000S\000A\000H\000A\000N}{}% 2
\BOOKMARK [0][-]{Doc-Start}{\376\377\000P\000E\000R\000N\000Y\000A\000T\000A\000A\000N\000\040\000B\000E\000B\000A\000S\000\040\000P\000L\000A\000G\000I\000A\000R\000I\000S\000M\000E}{}% 3
\BOOKMARK [0][-]{chapter*.1}{\376\377\000K\000A\000T\000A\000\040\000P\000E\000N\000G\000A\000N\000T\000A\000R}{}% 4
\BOOKMARK [0][-]{Item.8}{\376\377\000A\000B\000S\000T\000R\000A\000K}{}% 5
\BOOKMARK [0][-]{Item.8}{\376\377\000A\000B\000S\000T\000R\000A\000C\000T}{}% 6
\BOOKMARK [0][-]{Item.8}{\376\377\000D\000A\000F\000T\000A\000R\000\040\000T\000A\000B\000E\000L}{}% 7
\BOOKMARK [0][-]{Item.8}{\376\377\000D\000A\000F\000T\000A\000R\000\040\000G\000A\000M\000B\000A\000R}{}% 8
\BOOKMARK [0][-]{Item.8}{\376\377\000D\000A\000F\000T\000A\000R\000\040\000P\000E\000R\000S\000A\000M\000A\000A\000N}{}% 9
\BOOKMARK [0][-]{Item.8}{\376\377\000D\000A\000F\000T\000A\000R\000\040\000L\000A\000M\000P\000I\000R\000A\000N}{}% 10
\BOOKMARK [0][-]{chapter.1}{\376\377\000P\000E\000N\000D\000A\000H\000U\000L\000U\000A\000N}{}% 11
\BOOKMARK [1][-]{section.1.1}{\376\377\000L\000a\000t\000a\000r\000\040\000B\000e\000l\000a\000k\000a\000n\000g\000\040\000P\000e\000n\000e\000l\000i\000t\000i\000a\000n}{chapter.1}% 12
\BOOKMARK [1][-]{section.1.2}{\376\377\000R\000u\000m\000u\000s\000a\000n\000\040\000M\000a\000s\000a\000l\000a\000h\000\040\000P\000e\000n\000e\000l\000i\000t\000i\000a\000n}{chapter.1}% 13
\BOOKMARK [1][-]{section.1.3}{\376\377\000T\000u\000j\000u\000a\000n\000\040\000P\000e\000n\000e\000l\000i\000t\000i\000a\000n}{chapter.1}% 14
\BOOKMARK [1][-]{section.1.4}{\376\377\000R\000u\000a\000n\000g\000\040\000L\000i\000n\000g\000k\000u\000p\000\040\000P\000e\000n\000e\000l\000i\000t\000i\000a\000n}{chapter.1}% 15
\BOOKMARK [1][-]{section.1.5}{\376\377\000M\000a\000n\000f\000a\000a\000t\000\040\000P\000e\000n\000e\000l\000i\000t\000i\000a\000n}{chapter.1}% 16
\BOOKMARK [2][-]{subsection.1.5.1}{\376\377\000M\000a\000n\000f\000a\000a\000t\000\040\000T\000e\000o\000r\000i\000t\000i\000s}{section.1.5}% 17
\BOOKMARK [2][-]{subsection.1.5.2}{\376\377\000M\000a\000n\000f\000a\000a\000t\000\040\000P\000r\000a\000k\000t\000i\000s}{section.1.5}% 18
\BOOKMARK [0][-]{chapter.2}{\376\377\000T\000I\000N\000J\000A\000U\000A\000N\000\040\000P\000U\000S\000T\000A\000K\000A}{}% 19
\BOOKMARK [1][-]{section.2.1}{\376\377\000P\000e\000n\000y\000a\000k\000i\000t\000\040\000T\000a\000n\000a\000m\000a\000n}{chapter.2}% 20
\BOOKMARK [1][-]{section.2.2}{\376\377\000A\000r\000t\000i\000f\000i\000c\000i\000a\000l\000\040\000I\000n\000t\000e\000l\000l\000i\000g\000e\000n\000c\000e}{chapter.2}% 21
\BOOKMARK [1][-]{section.2.3}{\376\377\000D\000e\000e\000p\000\040\000L\000e\000a\000r\000n\000i\000n\000g}{chapter.2}% 22
\BOOKMARK [1][-]{section.2.4}{\376\377\000L\000a\000r\000g\000e\000-\000L\000a\000n\000g\000u\000a\000g\000e\000\040\000M\000o\000d\000e\000l\000s}{chapter.2}% 23
\BOOKMARK [2][-]{subsection.2.4.1}{\376\377\000A\000r\000s\000i\000t\000e\000k\000t\000u\000r\000\040\000T\000r\000a\000n\000s\000f\000o\000r\000m\000e\000r}{section.2.4}% 24
\BOOKMARK [2][-]{subsection.2.4.2}{\376\377\000A\000r\000s\000i\000t\000e\000k\000t\000u\000r\000\040\000V\000i\000s\000i\000o\000n\000\040\000T\000r\000a\000n\000s\000f\000o\000r\000m\000e\000r}{section.2.4}% 25
\BOOKMARK [2][-]{subsection.2.4.3}{\376\377\000M\000i\000x\000t\000u\000r\000e\000-\000o\000f\000-\000E\000x\000p\000e\000r\000t\000s}{section.2.4}% 26
\BOOKMARK [1][-]{section.2.5}{\376\377\000M\000o\000d\000e\000l\000\040\000M\000u\000l\000t\000i\000m\000o\000d\000a\000l}{chapter.2}% 27
\BOOKMARK [2][-]{subsection.2.5.1}{\376\377\000M\000u\000l\000t\000i\000m\000o\000d\000a\000l\000\040\000L\000a\000r\000g\000e\000\040\000L\000a\000n\000g\000u\000a\000g\000e\000\040\000M\000o\000d\000e\000l\000s\000\040\000\050\000M\000L\000L\000M\000\051}{section.2.5}% 28
\BOOKMARK [2][-]{subsection.2.5.2}{\376\377\000V\000i\000s\000i\000o\000n\000-\000L\000a\000n\000g\000u\000a\000g\000e\000\040\000M\000o\000d\000e\000l\000s\000\040\000\050\000V\000L\000M\000\051}{section.2.5}% 29
\BOOKMARK [2][-]{subsection.2.5.3}{\376\377\000C\000o\000n\000t\000r\000a\000s\000t\000i\000v\000e\000\040\000L\000a\000n\000g\000u\000a\000g\000e\000-\000I\000m\000a\000g\000e\000\040\000P\000r\000e\000-\000t\000r\000a\000i\000n\000i\000n\000g\000\040\000\050\000C\000L\000I\000P\000\051}{section.2.5}% 30
\BOOKMARK [2][-]{subsection.2.5.4}{\376\377\000K\000e\000l\000u\000a\000r\000g\000a\000\040\000M\000o\000d\000e\000l\000\040\000G\000e\000m\000i\000n\000i}{section.2.5}% 31
\BOOKMARK [1][-]{section.2.6}{\376\377\000P\000r\000o\000m\000p\000t\000\040\000E\000n\000g\000i\000n\000e\000e\000r\000i\000n\000g}{chapter.2}% 32
\BOOKMARK [2][-]{subsection.2.6.1}{\376\377\000C\000h\000a\000i\000n\000-\000o\000f\000-\000T\000h\000o\000u\000g\000h\000t}{section.2.6}% 33
\BOOKMARK [2][-]{subsection.2.6.2}{\376\377\000R\000e\000a\000s\000o\000n\000i\000n\000g\000\040\000a\000n\000d\000\040\000A\000c\000t\000i\000n\000g}{section.2.6}% 34
\BOOKMARK [1][-]{section.2.7}{\376\377\000O\000b\000j\000e\000c\000t\000\040\000D\000e\000t\000e\000c\000t\000i\000o\000n}{chapter.2}% 35
\BOOKMARK [2][-]{subsection.2.7.1}{\376\377\000Y\000o\000u\000\040\000O\000n\000l\000y\000\040\000L\000o\000o\000k\000\040\000O\000n\000c\000e}{section.2.7}% 36
\BOOKMARK [2][-]{subsection.2.7.2}{\376\377\000O\000W\000L\000v\0002}{section.2.7}% 37
\BOOKMARK [1][-]{section.2.8}{\376\377\000R\000e\000t\000r\000i\000e\000v\000a\000l\000-\000A\000u\000g\000m\000e\000n\000t\000e\000d\000\040\000G\000e\000n\000e\000r\000a\000t\000i\000o\000n}{chapter.2}% 38
\BOOKMARK [2][-]{subsection.2.8.1}{\376\377\000V\000a\000n\000i\000l\000l\000a\000\040\000R\000A\000G}{section.2.8}% 39
\BOOKMARK [2][-]{subsection.2.8.2}{\376\377\000A\000d\000v\000a\000n\000c\000e\000d\000\040\000R\000A\000G}{section.2.8}% 40
\BOOKMARK [2][-]{subsection.2.8.3}{\376\377\000I\000n\000f\000o\000r\000m\000a\000t\000i\000o\000n\000\040\000R\000e\000t\000r\000i\000e\000v\000a\000l}{section.2.8}% 41
\BOOKMARK [3][-]{subsubsection.2.8.3.1}{\376\377\000S\000p\000a\000r\000s\000e\000\040\000R\000e\000t\000r\000i\000e\000v\000a\000l}{subsection.2.8.3}% 42
\BOOKMARK [3][-]{subsubsection.2.8.3.2}{\376\377\000D\000e\000n\000s\000e\000\040\000R\000e\000t\000r\000i\000e\000v\000a\000l}{subsection.2.8.3}% 43
\BOOKMARK [2][-]{subsection.2.8.4}{\376\377\000H\000y\000b\000r\000i\000d\000\040\000S\000e\000a\000r\000c\000h}{section.2.8}% 44
\BOOKMARK [2][-]{subsection.2.8.5}{\376\377\000R\000e\000r\000a\000n\000k\000i\000n\000g}{section.2.8}% 45
\BOOKMARK [2][-]{subsection.2.8.6}{\376\377\000Q\000d\000r\000a\000n\000t}{section.2.8}% 46
\BOOKMARK [2][-]{subsection.2.8.7}{\376\377\000E\000v\000a\000l\000u\000a\000s\000i\000\040\000S\000i\000s\000t\000e\000m\000\040\000I\000n\000f\000o\000r\000m\000a\000t\000i\000o\000n\000\040\000R\000e\000t\000r\000i\000e\000v\000a\000l}{section.2.8}% 47
\BOOKMARK [1][-]{section.2.9}{\376\377\000S\000i\000s\000t\000e\000m\000\040\000A\000g\000e\000n\000t\000i\000k}{chapter.2}% 48
\BOOKMARK [2][-]{subsection.2.9.1}{\376\377\000E\000k\000o\000s\000i\000s\000t\000e\000m\000\040\000L\000a\000n\000g\000C\000h\000a\000i\000n}{section.2.9}% 49
\BOOKMARK [3][-]{subsubsection.2.9.1.1}{\376\377\000L\000a\000n\000g\000C\000h\000a\000i\000n\000\040\0001\000.\0000}{subsection.2.9.1}% 50
\BOOKMARK [3][-]{subsubsection.2.9.1.2}{\376\377\000L\000a\000n\000g\000S\000m\000i\000t\000h\000\040\000D\000e\000p\000l\000o\000y\000m\000e\000n\000t}{subsection.2.9.1}% 51
\BOOKMARK [1][-]{section.2.10}{\376\377\000L\000L\000M\000-\000a\000s\000-\000a\000-\000j\000u\000d\000g\000e}{chapter.2}% 52
\BOOKMARK [2][-]{subsection.2.10.1}{\376\377\000R\000a\000g\000a\000s\000\040\000\050\000R\000e\000t\000r\000i\000e\000v\000a\000l\000\040\000A\000u\000g\000m\000e\000n\000t\000e\000d\000\040\000G\000e\000n\000e\000r\000a\000t\000i\000o\000n\000\040\000A\000s\000s\000e\000s\000s\000m\000e\000n\000t\000\051}{section.2.10}% 53
\BOOKMARK [2][-]{subsection.2.10.2}{\376\377\000D\000e\000e\000p\000E\000v\000a\000l}{section.2.10}% 54
\BOOKMARK [1][-]{section.2.11}{\376\377\000P\000e\000n\000e\000l\000i\000t\000i\000a\000n\000\040\000T\000e\000r\000k\000a\000i\000t}{chapter.2}% 55
\BOOKMARK [0][-]{chapter.3}{\376\377\000M\000E\000T\000O\000D\000E\000\040\000P\000E\000N\000E\000L\000I\000T\000I\000A\000N}{}% 56
\BOOKMARK [1][-]{section.3.1}{\376\377\000D\000e\000s\000a\000i\000n\000\040\000P\000e\000n\000e\000l\000i\000t\000i\000a\000n}{chapter.3}% 57
\BOOKMARK [1][-]{section.3.2}{\376\377\000I\000d\000e\000n\000t\000i\000f\000i\000k\000a\000s\000i\000\040\000M\000a\000s\000a\000l\000a\000h}{chapter.3}% 58
\BOOKMARK [1][-]{section.3.3}{\376\377\000D\000e\000s\000k\000r\000i\000p\000s\000i\000\040\000T\000u\000j\000u\000a\000n}{chapter.3}% 59
\BOOKMARK [1][-]{section.3.4}{\376\377\000P\000e\000r\000a\000n\000c\000a\000n\000g\000a\000n\000\040\000d\000a\000n\000\040\000P\000e\000n\000g\000e\000m\000b\000a\000n\000g\000a\000n}{chapter.3}% 60
\BOOKMARK [2][-]{subsection.3.4.1}{\376\377\000S\000i\000s\000t\000e\000m\000\040\000A\000g\000e\000n\000t\000i\000k}{section.3.4}% 61
\BOOKMARK [2][-]{subsection.3.4.2}{\376\377\000A\000g\000e\000n\000\040\000L\000L\000M}{section.3.4}% 62
\BOOKMARK [3][-]{subsubsection.3.4.2.1}{\376\377\000K\000o\000n\000f\000i\000g\000u\000r\000a\000s\000i}{subsection.3.4.2}% 63
\BOOKMARK [3][-]{subsubsection.3.4.2.2}{\376\377\000P\000r\000o\000m\000p\000t\000\040\000E\000n\000g\000i\000n\000e\000e\000r\000i\000n\000g}{subsection.3.4.2}% 64
\BOOKMARK [2][-]{subsection.3.4.3}{\376\377\000M\000o\000d\000u\000l\000\040\000D\000e\000t\000e\000k\000s\000i\000\040\000O\000b\000j\000e\000k\000\040\000T\000a\000n\000a\000m\000a\000n}{section.3.4}% 65
\BOOKMARK [3][-]{subsubsection.3.4.3.1}{\376\377\000A\000l\000a\000t\000\040\000D\000e\000t\000e\000k\000s\000i\000\040\000C\000l\000o\000s\000e\000d\000-\000S\000e\000t}{subsection.3.4.3}% 66
\BOOKMARK [4][-]{paragraph.3.4.3.1.1}{\376\377\000P\000e\000r\000s\000i\000a\000p\000a\000n\000\040\000D\000a\000t\000a\000s\000e\000t\000\040\000P\000e\000m\000o\000d\000e\000l\000a\000n}{subsubsection.3.4.3.1}% 67
\BOOKMARK [4][-]{paragraph.3.4.3.1.2}{\376\377\000P\000e\000m\000o\000d\000e\000l\000a\000n}{subsubsection.3.4.3.1}% 68
\BOOKMARK [3][-]{subsubsection.3.4.3.2}{\376\377\000A\000l\000a\000t\000\040\000D\000e\000t\000e\000k\000s\000i\000\040\000O\000p\000e\000n\000-\000V\000o\000c\000a\000b\000u\000l\000a\000r\000y}{subsection.3.4.3}% 69
\BOOKMARK [2][-]{subsection.3.4.4}{\376\377\000M\000o\000d\000u\000l\000\040\000P\000e\000n\000c\000a\000r\000i\000a\000n\000\040\000G\000a\000m\000b\000a\000r\000-\000T\000e\000k\000s\000\040\000P\000e\000n\000y\000a\000k\000i\000t}{section.3.4}% 70
\BOOKMARK [3][-]{subsubsection.3.4.4.1}{\376\377\000P\000e\000r\000s\000i\000a\000p\000a\000n\000\040\000D\000a\000t\000a\000\040\000I\000n\000d\000e\000k\000s}{subsection.3.4.4}% 71
\BOOKMARK [3][-]{subsubsection.3.4.4.2}{\376\377\000I\000n\000d\000e\000x\000i\000n\000g}{subsection.3.4.4}% 72
\BOOKMARK [3][-]{subsubsection.3.4.4.3}{\376\377\000S\000t\000r\000a\000t\000e\000g\000i\000\040\000P\000e\000n\000c\000a\000r\000i\000a\000n}{subsection.3.4.4}% 73
\BOOKMARK [2][-]{subsection.3.4.5}{\376\377\000M\000o\000d\000u\000l\000\040\000P\000e\000n\000c\000a\000r\000i\000a\000n\000\040\000I\000n\000f\000o\000r\000m\000a\000s\000i}{section.3.4}% 74
\BOOKMARK [3][-]{subsubsection.3.4.5.1}{\376\377\000A\000l\000a\000t\000\040\000P\000e\000n\000c\000a\000r\000i\000a\000n\000\040\000B\000a\000s\000i\000s\000\040\000D\000a\000t\000a\000\040\000P\000e\000n\000g\000e\000t\000a\000h\000u\000a\000n}{subsection.3.4.5}% 75
\BOOKMARK [4][-]{paragraph.3.4.5.1.1}{\376\377\000P\000e\000r\000s\000i\000a\000p\000a\000n\000\040\000D\000a\000t\000a\000\040\000K\000o\000r\000p\000u\000s}{subsubsection.3.4.5.1}% 76
\BOOKMARK [4][-]{paragraph.3.4.5.1.2}{\376\377\000I\000n\000d\000e\000x\000i\000n\000g}{subsubsection.3.4.5.1}% 77
\BOOKMARK [4][-]{paragraph.3.4.5.1.3}{\376\377\000S\000t\000r\000a\000t\000e\000g\000i\000\040\000P\000e\000n\000c\000a\000r\000i\000a\000n}{subsubsection.3.4.5.1}% 78
\BOOKMARK [3][-]{subsubsection.3.4.5.2}{\376\377\000A\000l\000a\000t\000\040\000P\000e\000n\000c\000a\000r\000i\000a\000n\000\040\000I\000n\000t\000e\000r\000n\000e\000t}{subsection.3.4.5}% 79
\BOOKMARK [2][-]{subsection.3.4.6}{\376\377\000A\000n\000t\000a\000r\000m\000u\000k\000a\000\040\000S\000i\000s\000t\000e\000m\000\040\000A\000g\000e\000n\000t\000i\000k}{section.3.4}% 80
\BOOKMARK [3][-]{subsubsection.3.4.6.1}{\376\377\000A\000r\000s\000i\000t\000e\000k\000t\000u\000r\000\040\000A\000n\000t\000a\000r\000m\000u\000k\000a}{subsection.3.4.6}% 81
\BOOKMARK [3][-]{subsubsection.3.4.6.2}{\376\377\000U\000s\000e\000\040\000C\000a\000s\000e\000\040\000D\000i\000a\000g\000r\000a\000m}{subsection.3.4.6}% 82
\BOOKMARK [3][-]{subsubsection.3.4.6.3}{\376\377\000S\000e\000q\000u\000e\000n\000c\000e\000\040\000D\000i\000a\000g\000r\000a\000m}{subsection.3.4.6}% 83
\BOOKMARK [3][-]{subsubsection.3.4.6.4}{\376\377\000P\000r\000o\000t\000o\000t\000i\000p\000e\000\040\000A\000n\000t\000a\000r\000m\000u\000k\000a}{subsection.3.4.6}% 84
\BOOKMARK [1][-]{section.3.5}{\376\377\000P\000e\000n\000g\000u\000j\000i\000a\000n}{chapter.3}% 85
\BOOKMARK [2][-]{subsection.3.5.1}{\376\377\000M\000o\000d\000u\000l\000\040\000D\000e\000t\000e\000k\000s\000i\000\040\000O\000b\000j\000e\000k\000\040\000T\000a\000n\000a\000m\000a\000n}{section.3.5}% 86
\BOOKMARK [2][-]{subsection.3.5.2}{\376\377\000M\000o\000d\000u\000l\000\040\000P\000e\000n\000c\000a\000r\000i\000a\000n\000\040\000G\000a\000m\000b\000a\000r\000-\000T\000e\000k\000s\000\040\000P\000e\000n\000y\000a\000k\000i\000t}{section.3.5}% 87
\BOOKMARK [2][-]{subsection.3.5.3}{\376\377\000M\000o\000d\000u\000l\000\040\000P\000e\000n\000c\000a\000r\000i\000a\000n\000\040\000I\000n\000f\000o\000r\000m\000a\000s\000i}{section.3.5}% 88
\BOOKMARK [2][-]{subsection.3.5.4}{\376\377\000A\000n\000t\000a\000r\000m\000u\000k\000a\000\040\000S\000i\000s\000t\000e\000m\000\040\000A\000g\000e\000n\000t\000i\000k}{section.3.5}% 89
\BOOKMARK [2][-]{subsection.3.5.5}{\376\377\000S\000i\000s\000t\000e\000m\000\040\000A\000g\000e\000n\000t\000i\000k}{section.3.5}% 90
\BOOKMARK [3][-]{subsubsection.3.5.5.1}{\376\377\000P\000e\000n\000g\000u\000j\000i\000a\000n\000\040\000S\000a\000t\000u\000\040\000T\000a\000h\000a\000p}{subsection.3.5.5}% 91
\BOOKMARK [4][-]{paragraph.3.5.5.1.1}{\376\377\000P\000e\000r\000s\000i\000a\000p\000a\000n\000\040\000D\000a\000t\000a}{subsubsection.3.5.5.1}% 92
\BOOKMARK [3][-]{subsubsection.3.5.5.2}{\376\377\000P\000e\000n\000g\000u\000j\000i\000a\000n\000\040\000M\000u\000l\000t\000i\000-\000T\000a\000h\000a\000p}{subsection.3.5.5}% 93
\BOOKMARK [4][-]{paragraph.3.5.5.2.1}{\376\377\000P\000e\000r\000s\000i\000a\000p\000a\000n\000\040\000D\000a\000t\000a}{subsubsection.3.5.5.2}% 94
\BOOKMARK [1][-]{section.3.6}{\376\377\000E\000v\000a\000l\000u\000a\000s\000i}{chapter.3}% 95
\BOOKMARK [2][-]{subsection.3.6.1}{\376\377\000M\000o\000d\000u\000l\000\040\000D\000e\000t\000e\000k\000s\000i\000\040\000O\000b\000j\000e\000k\000\040\000T\000a\000n\000a\000m\000a\000n}{section.3.6}% 96
\BOOKMARK [2][-]{subsection.3.6.2}{\376\377\000M\000o\000d\000u\000l\000\040\000P\000e\000n\000c\000a\000r\000i\000a\000n\000\040\000I\000n\000f\000o\000r\000m\000a\000s\000i}{section.3.6}% 97
\BOOKMARK [2][-]{subsection.3.6.3}{\376\377\000S\000i\000s\000t\000e\000m\000\040\000A\000g\000e\000n\000t\000i\000k}{section.3.6}% 98
\BOOKMARK [3][-]{subsubsection.3.6.3.1}{\376\377\000E\000v\000a\000l\000u\000a\000s\000i\000\040\000P\000e\000n\000g\000u\000j\000i\000a\000n\000\040\000S\000a\000t\000u\000\040\000T\000a\000h\000a\000p}{subsection.3.6.3}% 99
\BOOKMARK [4][-]{paragraph.3.6.3.1.1}{\376\377\000D\000i\000s\000e\000a\000s\000e\000\040\000A\000c\000c\000u\000r\000a\000c\000y}{subsubsection.3.6.3.1}% 100
\BOOKMARK [4][-]{paragraph.3.6.3.1.2}{\376\377\000T\000r\000a\000j\000e\000c\000t\000o\000r\000y\000\040\000A\000c\000c\000u\000r\000a\000c\000y}{subsubsection.3.6.3.1}% 101
\BOOKMARK [4][-]{paragraph.3.6.3.1.3}{\376\377\000A\000g\000e\000n\000t\000\040\000G\000o\000a\000l\000\040\000A\000c\000c\000u\000r\000a\000c\000y}{subsubsection.3.6.3.1}% 102
\BOOKMARK [4][-]{paragraph.3.6.3.1.4}{\376\377\000F\000a\000i\000t\000h\000f\000u\000l\000n\000e\000s\000s}{subsubsection.3.6.3.1}% 103
\BOOKMARK [4][-]{paragraph.3.6.3.1.5}{\376\377\000C\000o\000n\000t\000e\000x\000t\000\040\000R\000e\000l\000e\000v\000a\000n\000c\000e}{subsubsection.3.6.3.1}% 104
\BOOKMARK [3][-]{subsubsection.3.6.3.2}{\376\377\000E\000v\000a\000l\000u\000a\000s\000i\000\040\000P\000e\000n\000g\000u\000j\000i\000a\000n\000\040\000M\000u\000l\000t\000i\000-\000T\000a\000h\000a\000p}{subsection.3.6.3}% 105
\BOOKMARK [1][-]{section.3.7}{\376\377\000P\000e\000n\000y\000a\000m\000p\000a\000i\000a\000n\000\040\000H\000a\000s\000i\000l}{chapter.3}% 106
\BOOKMARK [0][-]{chapter.4}{\376\377\000H\000A\000S\000I\000L\000\040\000D\000A\000N\000\040\000P\000E\000M\000B\000A\000H\000A\000S\000A\000N}{}% 107
\BOOKMARK [1][-]{section.4.1}{\376\377\000H\000a\000s\000i\000l\000\040\000P\000e\000r\000a\000n\000c\000a\000n\000g\000a\000n\000\040\000d\000a\000n\000\040\000P\000e\000n\000g\000e\000m\000b\000a\000n\000g\000a\000n\000\040\000S\000i\000s\000t\000e\000m\000\040\000A\000g\000e\000n\000t\000i\000k}{chapter.4}% 108
\BOOKMARK [1][-]{section.4.2}{\376\377\000H\000a\000s\000i\000l\000\040\000P\000e\000r\000a\000n\000c\000a\000n\000g\000a\000n\000\040\000d\000a\000n\000\040\000P\000e\000n\000g\000e\000m\000b\000a\000n\000g\000a\000n\000\040\000A\000g\000e\000n\000\040\000L\000L\000M}{chapter.4}% 109
\BOOKMARK [1][-]{section.4.3}{\376\377\000H\000a\000s\000i\000l\000\040\000P\000e\000r\000a\000n\000c\000a\000n\000g\000a\000n\000\040\000d\000a\000n\000\040\000P\000e\000n\000g\000e\000m\000b\000a\000n\000g\000a\000n\000\040\000M\000o\000d\000u\000l\000\040\000D\000e\000t\000e\000k\000s\000i\000\040\000O\000b\000j\000e\000k\000\040\000T\000a\000n\000a\000m\000a\000n}{chapter.4}% 110
\BOOKMARK [2][-]{subsection.4.3.1}{\376\377\000A\000l\000a\000t\000\040\000D\000e\000t\000e\000k\000s\000i\000\040\000C\000l\000o\000s\000e\000d\000-\000S\000e\000t}{section.4.3}% 111
\BOOKMARK [2][-]{subsection.4.3.2}{\376\377\000A\000l\000a\000t\000\040\000D\000e\000t\000e\000k\000s\000i\000\040\000O\000p\000e\000n\000-\000V\000o\000c\000a\000b\000u\000l\000a\000r\000y}{section.4.3}% 112
\BOOKMARK [1][-]{section.4.4}{\376\377\000H\000a\000s\000i\000l\000\040\000P\000e\000r\000a\000n\000c\000a\000n\000g\000a\000n\000\040\000d\000a\000n\000\040\000P\000e\000n\000g\000e\000m\000b\000a\000n\000g\000a\000n\000\040\000M\000o\000d\000u\000l\000\040\000G\000a\000m\000b\000a\000r\000-\000T\000e\000k\000s\000\040\000P\000e\000n\000y\000a\000k\000i\000t\000\040\000T\000a\000n\000a\000m\000a\000n}{chapter.4}% 113
\BOOKMARK [1][-]{section.4.5}{\376\377\000H\000a\000s\000i\000l\000\040\000P\000e\000r\000a\000n\000c\000a\000n\000g\000a\000n\000\040\000d\000a\000n\000\040\000P\000e\000n\000g\000e\000m\000b\000a\000n\000g\000a\000n\000\040\000M\000o\000d\000u\000l\000\040\000P\000e\000n\000c\000a\000r\000i\000a\000n\000\040\000I\000n\000f\000o\000r\000m\000a\000s\000i}{chapter.4}% 114
\BOOKMARK [1][-]{section.4.6}{\376\377\000H\000a\000s\000i\000l\000\040\000P\000e\000r\000a\000n\000c\000a\000n\000g\000a\000n\000\040\000d\000a\000n\000\040\000P\000e\000n\000g\000e\000m\000b\000a\000n\000g\000a\000n\000\040\000A\000n\000t\000a\000r\000m\000u\000k\000a\000\040\000S\000i\000s\000t\000e\000m\000\040\000A\000g\000e\000n\000t\000i\000k}{chapter.4}% 115
\BOOKMARK [1][-]{section.4.7}{\376\377\000H\000a\000s\000i\000l\000\040\000P\000e\000n\000g\000u\000j\000i\000a\000n\000\040\000d\000a\000n\000\040\000E\000v\000a\000l\000u\000a\000s\000i\000\040\000S\000i\000s\000t\000e\000m\000\040\000A\000g\000e\000n\000t\000i\000k}{chapter.4}% 116
\BOOKMARK [2][-]{subsection.4.7.1}{\376\377\000P\000e\000n\000g\000u\000j\000i\000a\000n\000\040\000S\000a\000t\000u\000\040\000T\000a\000h\000a\000p}{section.4.7}% 117
\BOOKMARK [2][-]{subsection.4.7.2}{\376\377\000P\000e\000n\000g\000u\000j\000i\000a\000n\000\040\000M\000u\000l\000t\000i\000-\000T\000a\000h\000a\000p}{section.4.7}% 118
\BOOKMARK [1][-]{section.4.8}{\376\377\000H\000a\000s\000i\000l\000\040\000A\000n\000a\000l\000i\000s\000i\000s}{chapter.4}% 119
\BOOKMARK [0][-]{chapter.5}{\376\377\000S\000I\000M\000P\000U\000L\000A\000N\000\040\000D\000A\000N\000\040\000S\000A\000R\000A\000N}{}% 120
\BOOKMARK [1][-]{section.5.1}{\376\377\000S\000i\000m\000p\000u\000l\000a\000n}{chapter.5}% 121
\BOOKMARK [1][-]{section.5.2}{\376\377\000S\000a\000r\000a\000n}{chapter.5}% 122
\BOOKMARK [0][-]{chapter*.149}{\376\377\000D\000A\000F\000T\000A\000R\000\040\000P\000U\000S\000T\000A\000K\000A}{}% 123
\BOOKMARK [0][-]{chapter*.150}{\376\377\000L\000A\000M\000P\000I\000R\000A\000N}{}% 124
